2016-11-10 13:47:39,007 - e2o_getvar - INFO - returning default (True) for selection:resampling
2016-11-10 13:47:39,007 - e2o_getvar - INFO - returning default (None) for output:netcdfout
2016-11-10 13:47:39,007 - e2o_getvar - INFO - returning default (2) for selection:wrrversion
2016-11-10 13:47:39,007 - e2o_getvar - INFO - returning default (C:\repos\e2o-downscaling-tools\e2o_dstools\data\DEM-WRR2.tif) for downscaling:lowResDEM
2016-11-10 13:47:41,700 - e2o_getvar - WARNING - Could not find section with variable metadata: netcdf_attributes_Rainfall
2016-11-10 13:47:41,700 - e2o_getvar - INFO - returning default (1E31) for selection:valid_max
2016-11-10 13:47:41,700 - e2o_getvar - INFO - returning default (-1E31) for selection:valid_min
2016-11-10 13:47:41,701 - e2o_getvar - INFO - Processing date: 1979-01-01 00:00:00
2016-11-10 13:47:42,039 - e2o_getvar - INFO - Processing url: http://wci.earth2observe.eu/thredds/dodsC/jrc/MSWEP/daily_e2o_netcdf_convention//Rainf_daily_MSWEP_025_197901.nc
2016-11-10 13:47:49,772 - e2o_getvar - INFO - Writing map: linds\Rainfall\E2O00000.001
2016-11-10 13:47:49,946 - e2o_getvar - INFO - Processing date: 1979-01-02 00:00:00
2016-11-10 13:47:50,069 - e2o_getvar - INFO - Processing url: http://wci.earth2observe.eu/thredds/dodsC/jrc/MSWEP/daily_e2o_netcdf_convention//Rainf_daily_MSWEP_025_197901.nc
2016-11-10 13:47:57,575 - e2o_getvar - INFO - Writing map: linds\Rainfall\E2O00000.002
2016-11-10 13:47:57,753 - e2o_getvar - INFO - Processing date: 1979-01-03 00:00:00
2016-11-10 13:47:57,861 - e2o_getvar - INFO - Processing url: http://wci.earth2observe.eu/thredds/dodsC/jrc/MSWEP/daily_e2o_netcdf_convention//Rainf_daily_MSWEP_025_197901.nc
2016-11-10 13:48:05,591 - e2o_getvar - INFO - Writing map: linds\Rainfall\E2O00000.003
2016-11-10 13:48:05,766 - e2o_getvar - INFO - Processing date: 1979-01-04 00:00:00
2016-11-10 13:48:05,875 - e2o_getvar - INFO - Processing url: http://wci.earth2observe.eu/thredds/dodsC/jrc/MSWEP/daily_e2o_netcdf_convention//Rainf_daily_MSWEP_025_197901.nc
2016-11-10 13:48:13,446 - e2o_getvar - INFO - Writing map: linds\Rainfall\E2O00000.004
2016-11-10 13:48:13,621 - e2o_getvar - INFO - Processing date: 1979-01-05 00:00:00
2016-11-10 13:48:13,733 - e2o_getvar - INFO - Processing url: http://wci.earth2observe.eu/thredds/dodsC/jrc/MSWEP/daily_e2o_netcdf_convention//Rainf_daily_MSWEP_025_197901.nc
2016-11-10 13:48:21,375 - e2o_getvar - INFO - Writing map: linds\Rainfall\E2O00000.005
2016-11-10 13:48:21,558 - e2o_getvar - INFO - Done.
